<?xml version="1.0" encoding="UTF-8"?>
<!-- Generated by org.testng.reporters.JUnitReportReporter -->
<testsuite hostname="Lenovo-PC" failures="0" tests="1" name="com.bestbuy.ecommerce.testcases.SelectandaddanitemfromMenuàBrandsàSelectAnyBrandTest" time="57.233" errors="0" timestamp="2023-04-11T05:58:01 IST" skipped="0">
  <testcase classname="com.bestbuy.ecommerce.testcases.SelectandaddanitemfromMenuàBrandsàSelectAnyBrandTest" name="verifySelectandaddanitemfromMenuàShopbyDepartment" time="57.233"/>
  <system-out/>
</testsuite> <!-- com.bestbuy.ecommerce.testcases.SelectandaddanitemfromMenuàBrandsàSelectAnyBrandTest -->
