<?xml version="1.0" encoding="UTF-8"?>
<!-- Generated by org.testng.reporters.JUnitReportReporter -->
<testsuite hostname="Lenovo-PC" failures="0" tests="1" name="com.bestbuy.ecommerce.testcases.ValidationBottomLinksHomeTest" time="43.644" errors="0" timestamp="2023-04-11T10:30:06 IST" skipped="0">
  <testcase classname="com.bestbuy.ecommerce.testcases.ValidationBottomLinksHomeTest" name="verifyBottomLinksHome39" time="43.644"/>
  <system-out/>
</testsuite> <!-- com.bestbuy.ecommerce.testcases.ValidationBottomLinksHomeTest -->
