<?xml version="1.0" encoding="UTF-8"?>
<!-- Generated by org.testng.reporters.JUnitReportReporter -->
<testsuite hostname="Lenovo-PC" failures="0" tests="1" name="com.bestbuy.ecommerce.testcases.SelectandaddanitemfromMenuàShopbyDepartmentTest" time="55.128" errors="0" timestamp="2023-04-11T05:54:42 IST" skipped="0">
  <testcase classname="com.bestbuy.ecommerce.testcases.SelectandaddanitemfromMenuàShopbyDepartmentTest" name="verifySelectandaddanitemfromMenuàShopbyDepartment" time="55.128"/>
  <system-out/>
</testsuite> <!-- com.bestbuy.ecommerce.testcases.SelectandaddanitemfromMenuàShopbyDepartmentTest -->
